<?xml version="1.0" encoding="UTF-8" ?>
<testsuite tests="3" failures="1" name="hellocucumber.RunCucumberTest" time="0.079" errors="0" skipped="0">
  <properties>
[...]
</properties>
  <testcase classname="Is it Friday yet?" name="Sunday is not Friday" time="0.079"/>
  <testcase classname="Is it Friday yet?" name="Sunday is not Friday" time="0"/>
  <testcase classname="Is it Friday yet?" name="Sunday is not Friday" time="0">
    <failure message="expected:&lt;Nope[]&gt; but was:&lt;Nope[!]&gt;" type="org.junit.ComparisonFailure">org.junit.ComparisonFailure: expected:&lt;Nope[]&gt; but was:&lt;Nope[!]&gt;
	at org.junit.Assert.assertEquals(Assert.java:115)
	at org.junit.Assert.assertEquals(Assert.java:144)
	at hellocucumber.Stepdefs.i_should_be_told(Stepdefs.java:52)
	at ✽.I should be told &quot;Nope&quot;(src/test/resources/hellocucumber/is_it_friday_yet.feature:7)
</failure>
    <system-out>
  Scenario Outline: Sunday is not Friday &amp;#27;[90m# src/test/resources/hellocucumber/is_it_friday_yet.feature:13&amp;#27;[0m
    &amp;#27;[32mGiven &amp;#27;[0m&amp;#27;[32mtoday is &quot;&amp;#27;[0m&amp;#27;[32m&amp;#27;[1manything else!&amp;#27;[0m&amp;#27;[32m&quot;&amp;#27;[0m      &amp;#27;[90m# Stepdefs.today_is(String)&amp;#27;[0m
    &amp;#27;[32mWhen &amp;#27;[0m&amp;#27;[32mI ask whether it&apos;s Friday yet&amp;#27;[0m   &amp;#27;[90m# Stepdefs.i_ask_whether_is_s_Friday_yet()&amp;#27;[0m
    &amp;#27;[31mThen &amp;#27;[0m&amp;#27;[31mI should be told &quot;&amp;#27;[0m&amp;#27;[31m&amp;#27;[1mNope&amp;#27;[0m&amp;#27;[31m&quot;&amp;#27;[0m         &amp;#27;[90m# Stepdefs.i_should_be_told(String)&amp;#27;[0m
      &amp;#27;[31morg.junit.ComparisonFailure: expected:&lt;Nope[]&gt; but was:&lt;Nope[!]&gt;
	at org.junit.Assert.assertEquals(Assert.java:115)
	at org.junit.Assert.assertEquals(Assert.java:144)
	at hellocucumber.Stepdefs.i_should_be_told(Stepdefs.java:52)
	at ?.I should be told &quot;Nope&quot;(src/test/resources/hellocucumber/is_it_friday_yet.feature:7)
&amp;#27;[0m
</system-out>
  </testcase>
</testsuite>